<?xml version="1.0" encoding="utf-8" standalone="no"?>
<!--This file represents the results of running a test suite-->
<test-results name="D:/Builds/FluentNH/src/FluentNHibernate.Testing/bin/x86/release/FluentNHibernate.Testing.dll" total="3279" errors="0" failures="0" not-run="16" ignored="16" skipped="0" invalid="0" date="2009-08-28" time="17:01:17">
  <environment nunit-version="2.5.0.9015" clr-version="2.0.50727.3082" os-version="Microsoft Windows NT 5.2.3790 Service Pack 2" platform="Win32NT" cwd="D:\Builds\FluentNH" machine-name="AGENT01" user="BuildDaemon" user-domain="AGENT01" />
  <culture-info current-culture="en-US" current-uiculture="en-US" />
  <test-suite name="D:/Builds/FluentNH/src/FluentNHibernate.Testing/bin/x86/release/FluentNHibernate.Testing.dll" executed="True" success="True" time="21.391" asserts="0">
    <results>
      <test-suite name="FluentNHibernate" executed="True" success="True" time="20.828" asserts="0">
        <results>
          <test-suite name="Testing" executed="True" success="True" time="20.828" asserts="0">
            <results>
              <test-suite name="Automapping" executed="True" success="True" time="1.141" asserts="0">
                <results>
                  <test-suite name="Apm" executed="True" success="True" time="0.547" asserts="0">
                    <results>
                      <test-suite name="AbstractBaseClassTests" executed="True" success="True" time="0.219" asserts="0">
                        <results>
                          <test-case name="FluentNHibernate.Testing.Automapping.Apm.AbstractBaseClassTests.ShouldAllowExplicitInclusionOfAnAbstractClass" executed="True" success="True" time="0.203" asserts="1" />
                          <test-case name="FluentNHibernate.Testing.Automapping.Apm.AbstractBaseClassTests.ShouldAllowSpecifyingToNotTreatAbstractsAsLayerSuperTypes" executed="True" success="True" time="0.000" asserts="1" />
                          <test-case name="FluentNHibernate.Testing.Automapping.Apm.AbstractBaseClassTests.ShouldBeConsideredLayerSuperTypesByDefault" executed="True" success="True" time="0.016" asserts="1" />
                        </results>
                      </test-suite>
                      <test-suite name="AlterationCollectionTests" executed="True" success="True" time="0.000" asserts="0">
                        <results>
                          <test-case name="FluentNHibernate.Testing.Automapping.Apm.AlterationCollectionTests.ShouldBeAbleToAddAllAlterationsFromAssembly" executed="True" success="True" time="0.000" asserts="2" />
                          <test-case name="FluentNHibernate.Testing.Automapping.Apm.AlterationCollectionTests.ShouldBeAbleToAddAllAlterationsFromAssemblyByType" executed="True" success="True" time="0.000" asserts="2" />
                          <test-case name="FluentNHibernate.Testing.Automapping.Apm.AlterationCollectionTests.ShouldBeAbleToAddSingleAlteration" executed="True" success="True" time="0.000" asserts="1" />
                          <test-case name="FluentNHibernate.Testing.Automapping.Apm.AlterationCollectionTests.ShouldBeAbleToAddSingleAlterationByType" executed="True" success="True" time="0.000" asserts="1" />
                          <test-case name="FluentNHibernate.Testing.Automapping.Apm.AlterationCollectionTests.ShouldntAddAlterationIfAddedAlready" executed="True" success="True" time="0.000" asserts="2" />
                        </results>
                      </test-suite>
                      <test-suite name="AlterationTests" executed="True" success="True" time="0.313" asserts="0">
                        <results>
                          <test-case name="FluentNHibernate.Testing.Automapping.Apm.AlterationTests.ShouldApplyAlterationsToModel" executed="True" success="True" time="0.313" asserts="0" />
                          <test-case name="FluentNHibernate.Testing.Automapping.Apm.AlterationTests.UseOverridesAddsAlteration" executed="True" success="True" time="0.000" asserts="1" />
                        </results>
                      </test-suite>
                      <test-suite name="GenericBaseClassTests" executed="True" success="True" time="0.016" asserts="0">
                        <results>
                          <test-case name="FluentNHibernate.Testing.Automapping.Apm.GenericBaseClassTests.ShouldHaveCorrectIds" executed="True" success="True" time="0.016" asserts="2" />
                        </results>
                      </test-suite>
                    </results>
                  </test-suite>
                  <test-suite name="AutoMapManyToOneTester" executed="True" success="True" time="0.031" asserts="0">
                    <results>
                      <test-case name="FluentNHibernate.Testing.Automapping.AutoMapManyToOneTester.ShouldMapEntities" executed="True" success="True" time="0.000" asserts="1" />
                      <test-case name="FluentNHibernate.Testing.Automapping.AutoMapManyToOneTester.ShouldntMapLists" executed="True" success="True" time="0.000" asserts="1" />
                      <test-case name="FluentNHibernate.Testing.Automapping.AutoMapManyToOneTester.ShouldntMapSets" executed="True" success="True" time="0.031" asserts="1" />
                      <test-case name="FluentNHibernate.Testing.Automapping.AutoMapManyToOneTester.ShouldntMapValueTypes" executed="True" success="True" time="0.000" asserts="3" />
                    </results>
                  </test-suite>
                  <test-suite name="AutoMapOneToManyTester" executed="True" success="True" time="0.000" asserts="0">
                    <results>
                      <test-case name="FluentNHibernate.Testing.Automapping.AutoMapOneToManyTester.ShouldMapHashSetAsSet" executed="True" success="True" time="0.000" asserts="1" />
                      <test-case name="FluentNHibernate.Testing.Automapping.AutoMapOneToManyTester.ShouldMapListAsBag" executed="True" success="True" time="0.000" asserts="1" />
                      <test-case name="FluentNHibernate.Testing.Automapping.AutoMapOneToManyTester.ShouldMapLists" executed="True" success="True" time="0.000" asserts="1" />
                      <test-case name="FluentNHibernate.Testing.Automapping.AutoMapOneToManyTester.ShouldMapSetAsSet" executed="True" success="True" time="0.000" asserts="1" />
                      <test-case name="FluentNHibernate.Testing.Automapping.AutoMapOneToManyTester.ShouldMapSets" executed="True" success="True" time="0.000" asserts="1" />
                      <test-case name="FluentNHibernate.Testing.Automapping.AutoMapOneToManyTester.ShouldntMapEntities" executed="True" success="True" time="0.000" asserts="1" />
                      <test-case name="FluentNHibernate.Testing.Automapping.AutoMapOneToManyTester.ShouldntMapValueTypes" executed="True" success="True" time="0.000" asserts="3" />
                    </results>
                  </test-suite>
                  <test-suite name="AutoMapTests" executed="True" success="True" time="0.453" asserts="0">
                    <results>
                      <test-case name="FluentNHibernate.Testing.Automapping.AutoMapTests.AutoMapDoesntSetCacheWithDefaultConvention" executed="True" success="True" time="0.250" asserts="1" />
                      <test-case name="FluentNHibernate.Testing.Automapping.AutoMapTests.AutoMapIdentification" executed="True" success="True" time="0.016" asserts="4" />
                      <test-case name="FluentNHibernate.Testing.Automapping.AutoMapTests.AutoMapIgnoreProperty" executed="True" success="True" time="0.016" asserts="1" />
                      <test-case name="FluentNHibernate.Testing.Automapping.AutoMapTests.AutoMapManyToMany" executed="True" success="True" time="0.078" asserts="2" />
                      <test-case name="FluentNHibernate.Testing.Automapping.AutoMapTests.AutoMapManyToMany_ShouldRecognizeSet_BaseOnType" executed="True" success="True" time="0.016" asserts="1" />
                      <test-case name="FluentNHibernate.Testing.Automapping.AutoMapTests.AutoMapManyToOne" executed="True" success="True" time="0.000" asserts="4" />
                      <test-case name="FluentNHibernate.Testing.Automapping.AutoMapTests.AutoMapOneToMany" executed="True" success="True" time="0.016" asserts="1" />
                      <test-case name="FluentNHibernate.Testing.Automapping.AutoMapTests.AutoMapProperty" executed="True" success="True" time="0.000" asserts="2" />
                      <test-case name="FluentNHibernate.Testing.Automapping.AutoMapTests.AutoMapSetsCacheOnClassUsingConvention" executed="True" success="True" time="0.016" asserts="1" />
                      <test-case name="FluentNHibernate.Testing.Automapping.AutoMapTests.AutoMapVersion" executed="True" success="True" time="0.016" asserts="4" />
                      <test-case name="FluentNHibernate.Testing.Automapping.AutoMapTests.ShouldAutoMapBitmapPropertyAsColumn" executed="True" success="True" time="0.000" asserts="2" />
                      <test-case name="FluentNHibernate.Testing.Automapping.AutoMapTests.ShouldAutoMapEnums" executed="True" success="True" time="0.031" asserts="1" />
                    </results>
                  </test-suite>
                  <test-suite name="AutoMapVersionTester" executed="True" success="True" time="0.016" asserts="0">
                    <results>
                      <test-case name="FluentNHibernate.Testing.Automapping.AutoMapVersionTester.ShouldMapByteArray" executed="True" success="True" time="0.000" asserts="1" />
                      <test-case name="FluentNHibernate.Testing.Automapping.AutoMapVersionTester.ShouldMapByteArrayAsBinaryBlob" executed="True" success="True" time="0.000" asserts="1" />
                      <test-case name="FluentNHibernate.Testing.Automapping.AutoMapVersionTester.ShouldMapByteArrayAsNotNull" executed="True" success="True" time="0.000" asserts="1" />
                      <test-case name="FluentNHibernate.Testing.Automapping.AutoMapVersionTester.ShouldMapByteArrayAsTimestampSqlType" executed="True" success="True" time="0.000" asserts="1" />
                      <test-case name="FluentNHibernate.Testing.Automapping.AutoMapVersionTester.ShouldMapByteArrayWithUnsavedValueOfNull" executed="True" success="True" time="0.000" asserts="1" />
                    </results>
                  </test-suite>
                  <test-suite name="JoinedSubclassConventionTests" executed="True" success="True" time="0.016" asserts="0">
                    <results>
                      <test-case name="FluentNHibernate.Testing.Automapping.JoinedSubclassConventionTests.DefaultConventionsAreAppliedToJoinedSubClasses" executed="True" success="True" time="0.016" asserts="2" />
                    </results>
                  </test-suite>
                  <test-suite name="ManyToManyAutomapperTester" executed="True" success="True" time="0.016" asserts="0">
                    <results>
                      <test-case name="FluentNHibernate.Testing.Automapping.ManyToManyAutomapperTester.CanMapManyToManyProperty" executed="True" success="True" time="0.000" asserts="1" />
                      <test-case name="FluentNHibernate.Testing.Automapping.ManyToManyAutomapperTester.GetsTableName" executed="True" success="True" time="0.016" asserts="2" />
                    </results>
                  </test-suite>
                  <test-suite name="PrivateAutoMappingTester" executed="True" success="True" time="0.016" asserts="0">
                    <results>
                      <test-case name="FluentNHibernate.Testing.Automapping.PrivateAutoMappingTester.CanMapPrivateCollection" executed="True" success="True" time="0.000" asserts="1" />
                      <test-case name="FluentNHibernate.Testing.Automapping.PrivateAutoMappingTester.DoNotMapPrivatePropertiesThatDoNotMatchConvention" executed="True" success="True" time="0.000" asserts="1" />
                      <test-case name="FluentNHibernate.Testing.Automapping.PrivateAutoMappingTester.WillMapPrivatePropertyMatchingTheConvention" executed="True" success="True" time="0.016" asserts="1" />
                    </results>
                  </test-suite>
                  <test-suite name="VersionTests" executed="True" success="True" time="0.031" asserts="0">
                    <results>
                      <test-case name="FluentNHibernate.Testing.Automapping.VersionTests.PropertyNamedTimestampMappedAsVersion" executed="True" success="True" time="0.000" asserts="4" />
                      <test-case name="FluentNHibernate.Testing.Automapping.VersionTests.PropertyNamedTimestampWithInvalidTypeNotMappedAsVersion" executed="True" success="True" time="0.000" asserts="1" />
                      <test-case name="FluentNHibernate.Testing.Automapping.VersionTests.PropertyNamedVersionMappedAsVersion" executed="True" success="True" time="0.000" asserts="4" />
                      <test-case name="FluentNHibernate.Testing.Automapping.VersionTests.PropertyNamedVersionWithInvalidTypeNotMappedAsVersion" executed="True" success="True" time="0.031" asserts="1" />
                    </results>
                  </test-suite>
                </results>
              </test-suite>
              <test-suite name="AutoMapping" executed="True" success="True" time="5.844" asserts="0">
                <results>
                  <test-suite name="Apm" executed="True" success="True" time="5.766" asserts="0">
                    <results>
                      <test-suite name="AutoMappedPropertyEnumerablesTests" executed="True" success="True" time="0.000" asserts="0">
                        <results>
                          <test-case name="FluentNHibernate.Testing.AutoMapping.Apm.AutoMappedPropertyEnumerablesTests.ShouldSetEnumsToUseGenericEnumMapper" executed="True" success="True" time="0.000" asserts="1" />
                          <test-case name="FluentNHibernate.Testing.AutoMapping.Apm.AutoMappedPropertyEnumerablesTests.ShouldSetNullableEnumsToNullable" executed="True" success="True" time="0.000" asserts="1" />
                          <test-case name="FluentNHibernate.Testing.AutoMapping.Apm.AutoMappedPropertyEnumerablesTests.ShouldSetNullableEnumsToUseGenericEnumMapper" executed="True" success="True" time="0.000" asserts="1" />
                        </results>
                      </test-suite>
                      <test-suite name="AutoPersistenceModelTests" executed="True" success="True" time="5.703" asserts="0">
                        <results>
                          <test-case name="FluentNHibernate.Testing.AutoMapping.Apm.AutoPersistenceModelTests.AppliesConventionsToManyToOne" executed="True" success="True" time="0.047" asserts="2" />
                          <test-case name="FluentNHibernate.Testing.AutoMapping.Apm.AutoPersistenceModelTests.AppliesConventionsToOneToMany" executed="True" success="True" time="0.016" asserts="2" />
                          <test-case name="FluentNHibernate.Testing.AutoMapping.Apm.AutoPersistenceModelTests.AutoMapsEnumProperties" executed="True" success="True" time="0.031" asserts="1" />
                          <test-case name="FluentNHibernate.Testing.AutoMapping.Apm.AutoPersistenceModelTests.CanSearchForOpenGenericTypes" executed="True" success="True" time="0.016" asserts="0" />
                          <test-case name="FluentNHibernate.Testing.AutoMapping.Apm.AutoPersistenceModelTests.ComponentColumnConventionReceivesProperty" executed="True" success="True" time="0.203" asserts="3" />
                          <test-case name="FluentNHibernate.Testing.AutoMapping.Apm.AutoPersistenceModelTests.ComponentHasManyShouldHavePrefixedKeyColumn" executed="True" success="True" time="0.031" asserts="2" />
                          <test-case name="FluentNHibernate.Testing.AutoMapping.Apm.AutoPersistenceModelTests.ComponentPropertiesAssumeComponentColumnPrefix" executed="True" success="True" time="0.125" asserts="2" />
                          <test-case name="FluentNHibernate.Testing.AutoMapping.Apm.AutoPersistenceModelTests.ComponentPropertiesAutoMapped" executed="True" success="True" time="0.109" asserts="2" />
                          <test-case name="FluentNHibernate.Testing.AutoMapping.Apm.AutoPersistenceModelTests.ComponentPropertiesWithUserTypeAutoMapped" executed="True" success="True" time="0.125" asserts="2" />
                          <test-case name="FluentNHibernate.Testing.AutoMapping.Apm.AutoPersistenceModelTests.ComponentTypesAutoMapped" executed="True" success="True" time="0.109" asserts="2" />
                          <test-case name="FluentNHibernate.Testing.AutoMapping.Apm.AutoPersistenceModelTests.IdIsMappedFromGenericBaseClass" executed="True" success="True" time="0.031" asserts="2" />
                          <test-case name="FluentNHibernate.Testing.AutoMapping.Apm.AutoPersistenceModelTests.JoinedSubclassOverrideShouldOverrideExistingComponent" executed="True" success="True" time="0.047" asserts="2" />
                          <test-case name="FluentNHibernate.Testing.AutoMapping.Apm.AutoPersistenceModelTests.JoinedSubclassOverrideShouldOverrideExistingHasMany" executed="True" success="True" time="0.063" asserts="2" />
                          <test-case name="FluentNHibernate.Testing.AutoMapping.Apm.AutoPersistenceModelTests.JoinedSubclassOverrideShouldOverrideExistingHasManyToMany" executed="True" success="True" time="0.031" asserts="3" />
                          <test-case name="FluentNHibernate.Testing.AutoMapping.Apm.AutoPersistenceModelTests.JoinedSubclassOverrideShouldOverrideExistingHasOne" executed="True" success="True" time="0.047" asserts="2" />
                          <test-case name="FluentNHibernate.Testing.AutoMapping.Apm.AutoPersistenceModelTests.JoinedSubclassOverrideShouldOverrideExistingProperty" executed="True" success="True" time="0.031" asserts="4" />
                          <test-case name="FluentNHibernate.Testing.AutoMapping.Apm.AutoPersistenceModelTests.JoinedSubclassOverrideShouldOverrideExistingReferences" executed="True" success="True" time="0.047" asserts="2" />
                          <test-case name="FluentNHibernate.Testing.AutoMapping.Apm.AutoPersistenceModelTests.JoinedSubclassOverrideShouldOverrideExistingReferencesAny" executed="True" success="True" time="0.047" asserts="2" />
                          <test-case name="FluentNHibernate.Testing.AutoMapping.Apm.AutoPersistenceModelTests.MapsPropertyWithPropertyConvention" executed="True" success="True" time="0.047" asserts="2" />
                          <test-case name="FluentNHibernate.Testing.AutoMapping.Apm.AutoPersistenceModelTests.OverriddenSubclassIsAppliedToXml" executed="True" success="True" time="0.031" asserts="2" />
                          <test-case name="FluentNHibernate.Testing.AutoMapping.Apm.AutoPersistenceModelTests.OverriddenSubclassIsMerged" executed="True" success="True" time="0.047" asserts="2" />
                          <test-case name="FluentNHibernate.Testing.AutoMapping.Apm.AutoPersistenceModelTests.OverrideShouldOverrideExistingComponent" executed="True" success="True" time="0.016" asserts="2" />
                          <test-case name="FluentNHibernate.Testing.AutoMapping.Apm.AutoPersistenceModelTests.OverrideShouldOverrideExistingHasMany" executed="True" success="True" time="0.031" asserts="2" />
                          <test-case name="FluentNHibernate.Testing.AutoMapping.Apm.AutoPersistenceModelTests.OverrideShouldOverrideExistingHasManyToMany" executed="True" success="True" time="0.031" asserts="3" />
                          <test-case name="FluentNHibernate.Testing.AutoMapping.Apm.AutoPersistenceModelTests.OverrideShouldOverrideExistingHasOne" executed="True" success="True" time="0.031" asserts="2" />
                          <test-case name="FluentNHibernate.Testing.AutoMapping.Apm.AutoPersistenceModelTests.OverrideShouldOverrideExistingId" executed="True" success="True" time="0.031" asserts="2" />
                          <test-case name="FluentNHibernate.Testing.AutoMapping.Apm.AutoPersistenceModelTests.OverrideShouldOverrideExistingProperty" executed="True" success="True" time="0.031" asserts="4" />
                          <test-case name="FluentNHibernate.Testing.AutoMapping.Apm.AutoPersistenceModelTests.OverrideShouldOverrideExistingReferences" executed="True" success="True" time="0.031" asserts="2" />
                          <test-case name="FluentNHibernate.Testing.AutoMapping.Apm.AutoPersistenceModelTests.OverrideShouldOverrideExistingReferencesAny" executed="True" success="True" time="0.031" asserts="2" />
                          <test-case name="FluentNHibernate.Testing.AutoMapping.Apm.AutoPersistenceModelTests.OverrideShouldOverrideExistingVersion" executed="True" success="True" time="0.031" asserts="2" />
                          <test-case name="FluentNHibernate.Testing.AutoMapping.Apm.AutoPersistenceModelTests.ShouldAllowIgnoresInOverrides" executed="True" success="True" time="0.047" asserts="1" />
                          <test-case name="FluentNHibernate.Testing.AutoMapping.Apm.AutoPersistenceModelTests.ShouldBeAbleToIgnoreComponentProperties" executed="True" success="True" time="0.016" asserts="1" />
                          <test-case name="FluentNHibernate.Testing.AutoMapping.Apm.AutoPersistenceModelTests.ShouldBeAbleToIgnoreMultiplePropertiesByDelegateRegardlessOfType" executed="True" success="True" time="0.031" asserts="6" />
                          <test-case name="FluentNHibernate.Testing.AutoMapping.Apm.AutoPersistenceModelTests.ShouldBeAbleToIgnoreMultiplePropertiesRegardlessOfType" executed="True" success="True" time="0.047" asserts="6" />
                          <test-case name="FluentNHibernate.Testing.AutoMapping.Apm.AutoPersistenceModelTests.ShouldBeAbleToIgnorePropertiesRegardlessOfType" executed="True" success="True" time="0.047" asserts="2" />
                          <test-case name="FluentNHibernate.Testing.AutoMapping.Apm.AutoPersistenceModelTests.ShouldBeAbleToMapComponentHasMany" executed="True" success="True" time="0.031" asserts="1" />
                          <test-case name="FluentNHibernate.Testing.AutoMapping.Apm.AutoPersistenceModelTests.ShouldBeAbleToOverrideKeyColumnNameOfJoinedSubclassInConvention" executed="True" success="True" time="0.031" asserts="2" />
                          <test-case name="FluentNHibernate.Testing.AutoMapping.Apm.AutoPersistenceModelTests.ShouldBeAbleToOverrideTableNameOfJoinedSubclassInConvention" executed="True" success="True" time="0.031" asserts="2" />
                          <test-case name="FluentNHibernate.Testing.AutoMapping.Apm.AutoPersistenceModelTests.ShouldEscapeTableNames" executed="True" success="True" time="0.031" asserts="2" />
                          <test-case name="FluentNHibernate.Testing.AutoMapping.Apm.AutoPersistenceModelTests.ShouldGenerateValidXml" executed="True" success="True" time="2.891" asserts="0" />
                          <test-case name="FluentNHibernate.Testing.AutoMapping.Apm.AutoPersistenceModelTests.ShouldntAutoMapComponentsThatArentExcludedByWhereClause" executed="True" success="True" time="0.031" asserts="2" />
                          <test-case name="FluentNHibernate.Testing.AutoMapping.Apm.AutoPersistenceModelTests.ShouldOnlyOutputOneClass" executed="True" success="True" time="0.016" asserts="1" />
                          <test-case name="FluentNHibernate.Testing.AutoMapping.Apm.AutoPersistenceModelTests.ShouldOverrideGeneratorWithConventions" executed="True" success="True" time="0.016" asserts="2" />
                          <test-case name="FluentNHibernate.Testing.AutoMapping.Apm.AutoPersistenceModelTests.ShouldUseAssignedGeneratorForStringIds" executed="True" success="True" time="0.000" asserts="2" />
                          <test-case name="FluentNHibernate.Testing.AutoMapping.Apm.AutoPersistenceModelTests.ShouldUseGuidCombGeneratorForGuidIds" executed="True" success="True" time="0.000" asserts="2" />
                          <test-case name="FluentNHibernate.Testing.AutoMapping.Apm.AutoPersistenceModelTests.ShouldUseIdentityGeneratorForIntIds" executed="True" success="True" time="0.000" asserts="2" />
                          <test-case name="FluentNHibernate.Testing.AutoMapping.Apm.AutoPersistenceModelTests.ShouldUseIdentityGeneratorForLongIds" executed="True" success="True" time="0.000" asserts="2" />
                          <test-case name="FluentNHibernate.Testing.AutoMapping.Apm.AutoPersistenceModelTests.SubclassOverrideShouldOverrideExistingComponent" executed="True" success="True" time="0.031" asserts="2" />
                          <test-case name="FluentNHibernate.Testing.AutoMapping.Apm.AutoPersistenceModelTests.SubclassOverrideShouldOverrideExistingHasMany" executed="True" success="True" time="0.031" asserts="2" />
                          <test-case name="FluentNHibernate.Testing.AutoMapping.Apm.AutoPersistenceModelTests.SubclassOverrideShouldOverrideExistingHasManyToMany" executed="True" success="True" time="0.047" asserts="3" />
                          <test-case name="FluentNHibernate.Testing.AutoMapping.Apm.AutoPersistenceModelTests.SubclassOverrideShouldOverrideExistingHasOne" executed="True" success="True" time="0.031" asserts="2" />
                          <test-case name="FluentNHibernate.Testing.AutoMapping.Apm.AutoPersistenceModelTests.SubclassOverrideShouldOverrideExistingProperty" executed="True" success="True" time="0.016" asserts="4" />
                          <test-case name="FluentNHibernate.Testing.AutoMapping.Apm.AutoPersistenceModelTests.SubclassOverrideShouldOverrideExistingReferences" executed="True" success="True" time="0.031" asserts="2" />
                          <test-case name="FluentNHibernate.Testing.AutoMapping.Apm.AutoPersistenceModelTests.SubclassOverrideShouldOverrideExistingReferencesAny" executed="True" success="True" time="0.031" asserts="2" />
                          <test-case name="FluentNHibernate.Testing.AutoMapping.Apm.AutoPersistenceModelTests.SubclassShouldntRemapPropertiesMappedInParent" executed="True" success="True" time="0.031" asserts="2" />
                          <test-case name="FluentNHibernate.Testing.AutoMapping.Apm.AutoPersistenceModelTests.TestAutoMapClassAppliesConventions" executed="True" success="True" time="0.016" asserts="2" />
                          <test-case name="FluentNHibernate.Testing.AutoMapping.Apm.AutoPersistenceModelTests.TestAutoMapIdUsesConvention" executed="True" success="True" time="0.016" asserts="2" />
                          <test-case name="FluentNHibernate.Testing.AutoMapping.Apm.AutoPersistenceModelTests.TestAutoMapIgnoresProperties" executed="True" success="True" time="0.031" asserts="1" />
                          <test-case name="FluentNHibernate.Testing.AutoMapping.Apm.AutoPersistenceModelTests.TestAutoMapManyToOne" executed="True" success="True" time="0.016" asserts="2" />
                          <test-case name="FluentNHibernate.Testing.AutoMapping.Apm.AutoPersistenceModelTests.TestAutoMapOneToMany" executed="True" success="True" time="0.031" asserts="2" />
                          <test-case name="FluentNHibernate.Testing.AutoMapping.Apm.AutoPersistenceModelTests.TestAutoMapPropertyMergeOverridesId" executed="True" success="True" time="0.031" asserts="4" />
                          <test-case name="FluentNHibernate.Testing.AutoMapping.Apm.AutoPersistenceModelTests.TestAutoMapPropertySetFindPrimaryKeyConvention" executed="True" success="True" time="0.000" asserts="4" />
                          <test-case name="FluentNHibernate.Testing.AutoMapping.Apm.AutoPersistenceModelTests.TestAutoMapPropertySetPrimaryKeyConvention" executed="True" success="True" time="0.031" asserts="4" />
                          <test-case name="FluentNHibernate.Testing.AutoMapping.Apm.AutoPersistenceModelTests.TestAutoMapsIds" executed="True" success="True" time="0.031" asserts="1" />
                          <test-case name="FluentNHibernate.Testing.AutoMapping.Apm.AutoPersistenceModelTests.TestAutoMapsProperties" executed="True" success="True" time="0.016" asserts="1" />
                          <test-case name="FluentNHibernate.Testing.AutoMapping.Apm.AutoPersistenceModelTests.TestClassIsMappedForConcreteSubClass" executed="True" success="True" time="0.031" asserts="3" />
                          <test-case name="FluentNHibernate.Testing.AutoMapping.Apm.AutoPersistenceModelTests.TestClassIsMappedForConcreteSubClassWithSubclass" executed="True" success="True" time="0.031" asserts="3" />
                          <test-case name="FluentNHibernate.Testing.AutoMapping.Apm.AutoPersistenceModelTests.TestDoNotAddJoinedSubclassesForConcreteBaseTypes" executed="True" success="True" time="0.016" asserts="1" />
                          <test-case name="FluentNHibernate.Testing.AutoMapping.Apm.AutoPersistenceModelTests.TestDoNotAddSubclassesForConcreteBaseTypes" executed="True" success="True" time="0.031" asserts="1" />
                          <test-case name="FluentNHibernate.Testing.AutoMapping.Apm.AutoPersistenceModelTests.TestInheritanceMapping" executed="True" success="True" time="0.000" asserts="0" />
                          <test-case name="FluentNHibernate.Testing.AutoMapping.Apm.AutoPersistenceModelTests.TestInheritanceMappingDoesntIncludeBaseTypeProperties" executed="True" success="True" time="0.031" asserts="6" />
                          <test-case name="FluentNHibernate.Testing.AutoMapping.Apm.AutoPersistenceModelTests.TestInheritanceMappingDoesntIncludeBaseTypePropertiesWithSubclass" executed="True" success="True" time="0.031" asserts="5" />
                          <test-case name="FluentNHibernate.Testing.AutoMapping.Apm.AutoPersistenceModelTests.TestInheritanceMappingProperties" executed="True" success="True" time="0.031" asserts="1" />
                          <test-case name="FluentNHibernate.Testing.AutoMapping.Apm.AutoPersistenceModelTests.TestInheritanceMappingSkipsSuperTypes" executed="True" success="True" time="0.000" asserts="0" />
                          <test-case name="FluentNHibernate.Testing.AutoMapping.Apm.AutoPersistenceModelTests.TestInheritanceOverridingMappingProperties" executed="True" success="True" time="0.031" asserts="6" />
                          <test-case name="FluentNHibernate.Testing.AutoMapping.Apm.AutoPersistenceModelTests.TestInheritanceSubclassMapping" executed="True" success="True" time="0.000" asserts="0" />
                          <test-case name="FluentNHibernate.Testing.AutoMapping.Apm.AutoPersistenceModelTests.TestInheritanceSubclassMappingProperties" executed="True" success="True" time="0.031" asserts="1" />
                          <test-case name="FluentNHibernate.Testing.AutoMapping.Apm.AutoPersistenceModelTests.TestInheritanceSubclassMappingSkipsSuperTypes" executed="True" success="True" time="0.000" asserts="0" />
                          <test-case name="FluentNHibernate.Testing.AutoMapping.Apm.AutoPersistenceModelTests.TestInheritanceSubclassOverridingMappingProperties" executed="True" success="True" time="0.031" asserts="5" />
                          <test-case name="FluentNHibernate.Testing.AutoMapping.Apm.AutoPersistenceModelTests.TypeConventionShouldForcePropertyToBeMapped" executed="True" success="True" time="0.094" asserts="2" />
                        </results>
                      </test-suite>
                      <test-suite name="CacheOverrideTests" executed="True" success="True" time="0.000" asserts="0">
                        <results>
                          <test-case name="FluentNHibernate.Testing.AutoMapping.Apm.CacheOverrideTests.ShouldBeAbleToSpecifyCacheInOverride" executed="True" success="True" time="0.000" asserts="1" />
                        </results>
                      </test-suite>
                      <test-suite name="Conventions" executed="True" success="True" time="0.031" asserts="0">
                        <results>
                          <test-suite name="HasManyConventionTests" executed="True" success="True" time="0.016" asserts="0">
                            <results>
                              <test-case name="FluentNHibernate.Testing.AutoMapping.Apm.Conventions.HasManyConventionTests.ShouldBeAbleToSpecifyKeyColumnNameInConvention" executed="True" success="True" time="0.000" asserts="1" />
                              <test-case name="FluentNHibernate.Testing.AutoMapping.Apm.Conventions.HasManyConventionTests.ShouldBeAbleToSpecifyKeyColumnNameUsingForeignKeyConvention" executed="True" success="True" time="0.016" asserts="1" />
                            </results>
                          </test-suite>
                          <test-suite name="HasManyToManyConventionTests" executed="True" success="True" time="0.016" asserts="0">
                            <results>
                              <test-case name="FluentNHibernate.Testing.AutoMapping.Apm.Conventions.HasManyToManyConventionTests.ShouldSetTableName" executed="True" success="True" time="0.016" asserts="1" />
                            </results>
                          </test-suite>
                          <test-suite name="IdentityConventionTests" executed="True" success="True" time="0.000" asserts="0">
                            <results>
                              <test-case name="FluentNHibernate.Testing.AutoMapping.Apm.Conventions.IdentityConventionTests.ShouldBeAbleToSpecifyKeyInConvention" executed="True" success="True" time="0.000" asserts="1" />
                            </results>
                          </test-suite>
                          <test-suite name="ReferencesConventionTests" executed="True" success="True" time="0.000" asserts="0">
                            <results>
                              <test-case name="FluentNHibernate.Testing.AutoMapping.Apm.Conventions.ReferencesConventionTests.ShouldBeAbleToSpecifyKeyInConvention" executed="True" success="True" time="0.000" asserts="1" />
                            </results>
                          </test-suite>
                          <test-suite name="VersionConventionTests" executed="True" success="True" time="0.000" asserts="0">
                            <results>
                              <test-case name="FluentNHibernate.Testing.AutoMapping.Apm.Conventions.VersionConventionTests.ShouldBeAbleToSpecifyColumnInConvention" executed="True" success="True" time="0.000" asserts="1" />
                            </results>
                          </test-suite>
                        </results>
                      </test-suite>
                      <test-suite name="IgnoreBaseAutoPersistenceModelTests" executed="True" success="True" time="0.000" asserts="0">
                        <results>
                          <test-case name="FluentNHibernate.Testing.AutoMapping.Apm.IgnoreBaseAutoPersistenceModelTests.ShouldntMapAnyTypesIgnoredByIgnoreBase" executed="True" success="True" time="0.000" asserts="0" />
                          <test-case name="FluentNHibernate.Testing.AutoMapping.Apm.IgnoreBaseAutoPersistenceModelTests.ShouldntMapTypesIgnoredByIgnoreBase" executed="True" success="True" time="0.000" asserts="1" />
                        </results>
                      </test-suite>
                    </results>
                  </test-suite>
                  <test-suite name="Overrides" executed="True" success="True" time="0.063" asserts="0">
                    <results>
                      <test-suite name="AutoMappingOverrideAlterationTests" executed="True" success="True" time="0.016" asserts="0">
                        <results>
                          <test-case name="FluentNHibernate.Testing.AutoMapping.Overrides.AutoMappingOverrideAlterationTests.OverridesApplied" executed="True" success="True" time="0.000" asserts="2" />
                          <test-case name="FluentNHibernate.Testing.AutoMapping.Overrides.AutoMappingOverrideAlterationTests.RegularAutoMappingsStillWorkWhenOverridesApplied" executed="True" success="True" time="0.016" asserts="1" />
                        </results>
                      </test-suite>
                      <test-suite name="CompositeIdOverrides" executed="True" success="True" time="0.016" asserts="0">
                        <results>
                          <test-case name="FluentNHibernate.Testing.AutoMapping.Overrides.CompositeIdOverrides.ShouldntMapPropertiesUsedInCompositeId" executed="True" success="True" time="0.016" asserts="0" />
                          <test-case name="FluentNHibernate.Testing.AutoMapping.Overrides.CompositeIdOverrides.ShouldntMapReferencesUsedInCompositeId" executed="True" success="True" time="0.000" asserts="0" />
                        </results>
                      </test-suite>
                      <test-suite name="ParentOverridesWithSubclasses" executed="True" success="True" time="0.031" asserts="0">
                        <results>
                          <test-case name="FluentNHibernate.Testing.AutoMapping.Overrides.ParentOverridesWithSubclasses.ShouldApplyOverrideToSubclassOnly" executed="True" success="True" time="0.016" asserts="1" />
                          <test-case name="FluentNHibernate.Testing.AutoMapping.Overrides.ParentOverridesWithSubclasses.ShouldIgnorePropertiesInChild" executed="True" success="True" time="0.000" asserts="0" />
                          <test-case name="FluentNHibernate.Testing.AutoMapping.Overrides.ParentOverridesWithSubclasses.ShouldIgnorePropertiesInParentAndAllowOverridesInChild" executed="True" success="True" time="0.000" asserts="2" />
                          <test-case name="FluentNHibernate.Testing.AutoMapping.Overrides.ParentOverridesWithSubclasses.ShouldntDuplicateCollectionsWhenParentOverridden" executed="True" success="True" time="0.016" asserts="2" />
                          <test-case name="FluentNHibernate.Testing.AutoMapping.Overrides.ParentOverridesWithSubclasses.ShouldntDuplicatePropertiesWhenParentOverridden" executed="True" success="True" time="0.000" asserts="2" />
                        </results>
                      </test-suite>
                    </results>
                  </test-suite>
                </results>
              </test-suite>
              <test-suite name="Cfg" executed="True" success="True" time="3.688" asserts="0">
                <results>
                  <test-suite name="Db" executed="True" success="True" time="0.156" asserts="0">
                    <results>
                      <test-suite name="CacheSettingsBuilderTester" executed="True" success="True" time="0.016" asserts="0">
                        <results>
                          <test-case name="FluentNHibernate.Testing.Cfg.Db.CacheSettingsBuilderTester.CanNotUseMinimalPuts" executed="True" success="True" time="0.000" asserts="2" />
                          <test-case name="FluentNHibernate.Testing.Cfg.Db.CacheSettingsBuilderTester.CanNotUseQueryCache" executed="True" success="True" time="0.000" asserts="2" />
                          <test-case name="FluentNHibernate.Testing.Cfg.Db.CacheSettingsBuilderTester.CanSetProviderClass" executed="True" success="True" time="0.000" asserts="2" />
                          <test-case name="FluentNHibernate.Testing.Cfg.Db.CacheSettingsBuilderTester.CanSetProviderGenerically" executed="True" success="True" time="0.000" asserts="2" />
                          <test-case name="FluentNHibernate.Testing.Cfg.Db.CacheSettingsBuilderTester.CanSetQueryCacheFactory" executed="True" success="True" time="0.000" asserts="2" />
                          <test-case name="FluentNHibernate.Testing.Cfg.Db.CacheSettingsBuilderTester.CanSetQueryCacheFactoryGenerically" executed="True" success="True" time="0.000" asserts="2" />
                          <test-case name="FluentNHibernate.Testing.Cfg.Db.CacheSettingsBuilderTester.CanSetRegionPrefix" executed="True" success="True" time="0.000" asserts="2" />
                          <test-case name="FluentNHibernate.Testing.Cfg.Db.CacheSettingsBuilderTester.CanSetThemAll" executed="True" success="True" time="0.000" asserts="10" />
                          <test-case name="FluentNHibernate.Testing.Cfg.Db.CacheSettingsBuilderTester.CanUseMinimalPuts" executed="True" success="True" time="0.000" asserts="2" />
                          <test-case name="FluentNHibernate.Testing.Cfg.Db.CacheSettingsBuilderTester.CanUseQueryCache" executed="True" success="True" time="0.000" asserts="2" />
                        </results>
                      </test-suite>
                      <test-suite name="ConnectionStringBuilderTester" executed="True" success="True" time="0.000" asserts="0">
                        <results>
                          <test-case name="FluentNHibernate.Testing.Cfg.Db.ConnectionStringBuilderTester.CanExplicitlySetConnectionString" executed="True" success="True" time="0.000" asserts="1" />
                          <test-case name="FluentNHibernate.Testing.Cfg.Db.ConnectionStringBuilderTester.ConnectionStringSetFromAppSetting" executed="True" success="True" time="0.000" asserts="1" />
                          <test-case name="FluentNHibernate.Testing.Cfg.Db.ConnectionStringBuilderTester.ConnectionStringSetFromConnectionStrings" executed="True" success="True" time="0.000" asserts="1" />
                        </results>
                      </test-suite>
                      <test-suite name="FirebirdConfigurationTester" executed="True" success="True" time="0.000" asserts="0">
                        <results>
                          <test-case name="FluentNHibernate.Testing.Cfg.Db.FirebirdConfigurationTester.should_default_to_use_outer_joins" executed="True" success="True" time="0.000" asserts="1" />
                          <test-case name="FluentNHibernate.Testing.Cfg.Db.FirebirdConfigurationTester.should_set_up_default_query_substitutions" executed="True" success="True" time="0.000" asserts="1" />
                          <test-case name="FluentNHibernate.Testing.Cfg.Db.FirebirdConfigurationTester.should_setup_connection_timout" executed="True" success="True" time="0.000" asserts="1" />
                          <test-case name="FluentNHibernate.Testing.Cfg.Db.FirebirdConfigurationTester.should_use_ReadCommitted_as_the_default_isolation_level" executed="True" success="True" time="0.000" asserts="1" />
                          <test-case name="FluentNHibernate.Testing.Cfg.Db.FirebirdConfigurationTester.ShouldBeAbleToSpecifyConnectionStringDirectly" executed="True" success="True" time="0.000" asserts="1" />
                        </results>
                      </test-suite>
                      <test-suite name="JetDriverConfigurationTester" executed="True" success="True" time="0.016" asserts="0">
                        <results>
                          <test-case name="FluentNHibernate.Testing.Cfg.Db.JetDriverConfigurationTester.ConnectionString_is_added_to_the_configuration" executed="True" success="True" time="0.000" asserts="1" />
                          <test-case name="FluentNHibernate.Testing.Cfg.Db.JetDriverConfigurationTester.ConnectionString_with_explicit_provider_is_added_to_the_configuration" executed="True" success="True" time="0.000" asserts="1" />
                          <test-case name="FluentNHibernate.Testing.Cfg.Db.JetDriverConfigurationTester.ConnectionStringSetExplicitly" executed="True" success="True" time="0.000" asserts="2" />
                          <test-case name="FluentNHibernate.Testing.Cfg.Db.JetDriverConfigurationTester.ConnectionStringSetFromAppSetting" executed="True" success="True" time="0.000" asserts="2" />
                          <test-case name="FluentNHibernate.Testing.Cfg.Db.JetDriverConfigurationTester.ConnectionStringSetFromConnectionStrings" executed="True" success="True" time="0.000" asserts="2" />
                          <test-case name="FluentNHibernate.Testing.Cfg.Db.JetDriverConfigurationTester.Jet_dialect_set_by_default" executed="True" success="True" time="0.000" asserts="1" />
                          <test-case name="FluentNHibernate.Testing.Cfg.Db.JetDriverConfigurationTester.Jet_driver_set_by_default" executed="True" success="True" time="0.000" asserts="1" />
                          <test-case name="FluentNHibernate.Testing.Cfg.Db.JetDriverConfigurationTester.ShouldBeAbleToSpecifyConnectionStringDirectly" executed="True" success="True" time="0.016" asserts="2" />
                        </results>
                      </test-suite>
                      <test-suite name="MsSqlCeConfigurationTester" executed="True" success="True" time="0.000" asserts="0">
                        <results>
                          <test-case name="FluentNHibernate.Testing.Cfg.Db.MsSqlCeConfigurationTester.MsSqlCe_should_default_to_the_MsSqlCe_dialect" executed="True" success="True" time="0.000" asserts="1" />
                          <test-case name="FluentNHibernate.Testing.Cfg.Db.MsSqlCeConfigurationTester.ShouldBeAbleToSpecifyConnectionStringDirectly" executed="True" success="True" time="0.000" asserts="2" />
                        </results>
                      </test-suite>
                      <test-suite name="MsSqlConfigurationTester" executed="True" success="True" time="0.047" asserts="0">
                        <results>
                          <test-case name="FluentNHibernate.Testing.Cfg.Db.MsSqlConfigurationTester.ConnectionString_for_trustedConnection_is_added_to_the_configuration" executed="True" success="True" time="0.047" asserts="2" />
                          <test-case name="FluentNHibernate.Testing.Cfg.Db.MsSqlConfigurationTester.ConnectionString_is_added_to_the_configuration" executed="True" success="True" time="0.000" asserts="2" />
                          <test-case name="FluentNHibernate.Testing.Cfg.Db.MsSqlConfigurationTester.ConnectionStringSetExplicitly" executed="True" success="True" time="0.000" asserts="2" />
                          <test-case name="FluentNHibernate.Testing.Cfg.Db.MsSqlConfigurationTester.ConnectionStringSetFromAppSetting" executed="True" success="True" time="0.000" asserts="2" />
                          <test-case name="FluentNHibernate.Testing.Cfg.Db.MsSqlConfigurationTester.ConnectionStringSetFromConnectionStrings" executed="True" success="True" time="0.000" asserts="2" />
                          <test-case name="FluentNHibernate.Testing.Cfg.Db.MsSqlConfigurationTester.MsSql_driver_should_default_to_the_SqlClientDriver" executed="True" success="True" time="0.000" asserts="2" />
                          <test-case name="FluentNHibernate.Testing.Cfg.Db.MsSqlConfigurationTester.MsSql2000_should_default_to_the_Sql2000_dialect" executed="True" success="True" time="0.000" asserts="2" />
                          <test-case name="FluentNHibernate.Testing.Cfg.Db.MsSqlConfigurationTester.MsSql2005_should_default_to_the_Sql2005_dialect" executed="True" success="True" time="0.000" asserts="2" />
                          <test-case name="FluentNHibernate.Testing.Cfg.Db.MsSqlConfigurationTester.MsSql2008_should_default_to_the_Sql2008_dialect" executed="True" success="True" time="0.000" asserts="2" />
                          <test-case name="FluentNHibernate.Testing.Cfg.Db.MsSqlConfigurationTester.MsSql7_should_default_to_the_Sql7_dialect" executed="True" success="True" time="0.000" asserts="2" />
                          <test-case name="FluentNHibernate.Testing.Cfg.Db.MsSqlConfigurationTester.ShouldBeAbleToSpecifyConnectionStringDirectly" executed="True" success="True" time="0.000" asserts="2" />
                        </results>
                      </test-suite>
                      <test-suite name="OracleClientConfigurationTester" executed="True" success="True" time="0.016" asserts="0">
                        <results>
                          <test-case name="FluentNHibernate.Testing.Cfg.Db.OracleClientConfigurationTester.ConnectionString_is_added_to_the_configuration" executed="True" success="True" time="0.016" asserts="2" />
                          <test-case name="FluentNHibernate.Testing.Cfg.Db.OracleClientConfigurationTester.ConnectionString_leaving_out_the_StatementCacheSize_removes_from_string" executed="True" success="True" time="0.000" asserts="2" />
                          <test-case name="FluentNHibernate.Testing.Cfg.Db.OracleClientConfigurationTester.ConnectionString_other_options_are_enabled_and_parsed_when_set" executed="True" success="True" time="0.000" asserts="2" />
                          <test-case name="FluentNHibernate.Testing.Cfg.Db.OracleClientConfigurationTester.ConnectionString_pooling_defaults_to_false_when_not_set" executed="True" success="True" time="0.000" asserts="2" />
                          <test-case name="FluentNHibernate.Testing.Cfg.Db.OracleClientConfigurationTester.ConnectionString_pooling_is_enabled_when_set" executed="True" success="True" time="0.000" asserts="2" />
                          <test-case name="FluentNHibernate.Testing.Cfg.Db.OracleClientConfigurationTester.ConnectionString_set_explicitly" executed="True" success="True" time="0.000" asserts="2" />
                          <test-case name="FluentNHibernate.Testing.Cfg.Db.OracleClientConfigurationTester.ConnectionString_set_fromAppSetting" executed="True" success="True" time="0.000" asserts="2" />
                          <test-case name="FluentNHibernate.Testing.Cfg.Db.OracleClientConfigurationTester.ConnectionString_set_fromConnectionStrings" executed="True" success="True" time="0.000" asserts="2" />
                          <test-case name="FluentNHibernate.Testing.Cfg.Db.OracleClientConfigurationTester.Oracle10_should_default_to_the_Oracle10_dialect" executed="True" success="True" time="0.000" asserts="4" />
                          <test-case name="FluentNHibernate.Testing.Cfg.Db.OracleClientConfigurationTester.Oracle9_should_default_to_the_Oracle9_dialect" executed="True" success="True" time="0.000" asserts="4" />
                          <test-case name="FluentNHibernate.Testing.Cfg.Db.OracleClientConfigurationTester.ShouldBeAbleToSpecifyConnectionStringDirectly" executed="True" success="True" time="0.000" asserts="2" />
                        </results>
                      </test-suite>
                      <test-suite name="OracleDataClientConfigurationTester" executed="True" success="True" time="0.016" asserts="0">
                        <results>
                          <test-case name="FluentNHibernate.Testing.Cfg.Db.OracleDataClientConfigurationTester.ConnectionString_is_added_to_the_configuration" executed="True" success="True" time="0.000" asserts="2" />
                          <test-case name="FluentNHibernate.Testing.Cfg.Db.OracleDataClientConfigurationTester.ConnectionString_leaving_out_the_StatementCacheSize_removes_from_string" executed="True" success="True" time="0.000" asserts="2" />
                          <test-case name="FluentNHibernate.Testing.Cfg.Db.OracleDataClientConfigurationTester.ConnectionString_other_options_are_enabled_and_parsed_when_set" executed="True" success="True" time="0.000" asserts="2" />
                          <test-case name="FluentNHibernate.Testing.Cfg.Db.OracleDataClientConfigurationTester.ConnectionString_pooling_defaults_to_false_when_not_set" executed="True" success="True" time="0.016" asserts="2" />
                          <test-case name="FluentNHibernate.Testing.Cfg.Db.OracleDataClientConfigurationTester.ConnectionString_pooling_is_enabled_when_set" executed="True" success="True" time="0.000" asserts="2" />
                          <test-case name="FluentNHibernate.Testing.Cfg.Db.OracleDataClientConfigurationTester.ConnectionString_set_explicitly" executed="True" success="True" time="0.000" asserts="2" />
                          <test-case name="FluentNHibernate.Testing.Cfg.Db.OracleDataClientConfigurationTester.ConnectionString_set_fromAppSetting" executed="True" success="True" time="0.000" asserts="2" />
                          <test-case name="FluentNHibernate.Testing.Cfg.Db.OracleDataClientConfigurationTester.ConnectionString_set_fromConnectionStrings" executed="True" success="True" time="0.000" asserts="2" />
                          <test-case name="FluentNHibernate.Testing.Cfg.Db.OracleDataClientConfigurationTester.Oracle10_should_default_to_the_Oracle10_dialect" executed="True" success="True" time="0.000" asserts="4" />
                          <test-case name="FluentNHibernate.Testing.Cfg.Db.OracleDataClientConfigurationTester.Oracle9_should_default_to_the_Oracle9_dialect" executed="True" success="True" time="0.000" asserts="4" />
                          <test-case name="FluentNHibernate.Testing.Cfg.Db.OracleDataClientConfigurationTester.ShouldBeAbleToSpecifyConnectionStringDirectly" executed="True" success="True" time="0.000" asserts="2" />
                        </results>
                      </test-suite>
                      <test-suite name="PersistenceConfigurationTester" executed="True" success="True" time="0.016" asserts="0">
                        <results>
                          <test-case name="FluentNHibernate.Testing.Cfg.Db.PersistenceConfigurationTester.AdoNetBatchSize_should_set_property_value" executed="True" success="True" time="0.000" asserts="1" />
                          <test-case name="FluentNHibernate.Testing.Cfg.Db.PersistenceConfigurationTester.Default_Schema_should_be_set_to_schema_name" executed="True" success="True" time="0.000" asserts="1" />
                          <test-case name="FluentNHibernate.Testing.Cfg.Db.PersistenceConfigurationTester.Dialect_should_set_both_old_and_new_dialect_keys" executed="True" success="True" time="0.000" asserts="2" />
                          <test-case name="FluentNHibernate.Testing.Cfg.Db.PersistenceConfigurationTester.DoNot_Should_only_affect_next_property" executed="True" success="True" time="0.000" asserts="2" />
                          <test-case name="FluentNHibernate.Testing.Cfg.Db.PersistenceConfigurationTester.DoNot_ShowSql_should_set_the_property_to_const_false" executed="True" success="True" time="0.000" asserts="1" />
                          <test-case name="FluentNHibernate.Testing.Cfg.Db.PersistenceConfigurationTester.DoNot_UseOuterJoin_should_set_the_property_to_const_false" executed="True" success="True" time="0.000" asserts="1" />
                          <test-case name="FluentNHibernate.Testing.Cfg.Db.PersistenceConfigurationTester.DoNot_UseReflectionOptimizer_should_set_the_property_to_const_false" executed="True" success="True" time="0.000" asserts="1" />
                          <test-case name="FluentNHibernate.Testing.Cfg.Db.PersistenceConfigurationTester.Format_Sql_should_set_value_to_const_true" executed="True" success="True" time="0.000" asserts="1" />
                          <test-case name="FluentNHibernate.Testing.Cfg.Db.PersistenceConfigurationTester.Max_Fetch_Depth_should_set_property_value" executed="True" success="True" time="0.000" asserts="1" />
                          <test-case name="FluentNHibernate.Testing.Cfg.Db.PersistenceConfigurationTester.Provider_Class_should_set_property_value" executed="True" success="True" time="0.000" asserts="1" />
                          <test-case name="FluentNHibernate.Testing.Cfg.Db.PersistenceConfigurationTester.Query_Cache_Factory_should_set_property_value" executed="True" success="True" time="0.000" asserts="1" />
                          <test-case name="FluentNHibernate.Testing.Cfg.Db.PersistenceConfigurationTester.Query_Substitutions_should_set_property_value" executed="True" success="True" time="0.000" asserts="1" />
                          <test-case name="FluentNHibernate.Testing.Cfg.Db.PersistenceConfigurationTester.Region_Prefix_should_set_property_value" executed="True" success="True" time="0.000" asserts="1" />
                          <test-case name="FluentNHibernate.Testing.Cfg.Db.PersistenceConfigurationTester.Repeated_DoNot_Calls" executed="True" success="True" time="0.000" asserts="2" />
                          <test-case name="FluentNHibernate.Testing.Cfg.Db.PersistenceConfigurationTester.Setting_raw_values_should_populate_dictionary" executed="True" success="True" time="0.000" asserts="1" />
                          <test-case name="FluentNHibernate.Testing.Cfg.Db.PersistenceConfigurationTester.Show_Sql_should_set_value_to_const_true" executed="True" success="True" time="0.000" asserts="1" />
                          <test-case name="FluentNHibernate.Testing.Cfg.Db.PersistenceConfigurationTester.Use_Minimal_Puts_should_set_value_to_const_true" executed="True" success="True" time="0.000" asserts="1" />
                          <test-case name="FluentNHibernate.Testing.Cfg.Db.PersistenceConfigurationTester.Use_Query_Cache_should_set_value_to_const_true" executed="True" success="True" time="0.000" asserts="1" />
                          <test-case name="FluentNHibernate.Testing.Cfg.Db.PersistenceConfigurationTester.Use_Reflection_Optimizer_should_set_value_to_const_true" executed="True" success="True" time="0.000" asserts="1" />
                          <test-case name="FluentNHibernate.Testing.Cfg.Db.PersistenceConfigurationTester.UseOuterJoin_should_set_value_to_const_true" executed="True" success="True" time="0.000" asserts="1" />
                        </results>
                      </test-suite>
                      <test-suite name="PostgreSQLConfigurationTester" executed="True" success="True" time="0.016" asserts="0">
                        <results>
                          <test-case name="FluentNHibernate.Testing.Cfg.Db.PostgreSQLConfigurationTester.ConnectionString_is_added_to_the_configuration" executed="True" success="True" time="0.016" asserts="1" />
                          <test-case name="FluentNHibernate.Testing.Cfg.Db.PostgreSQLConfigurationTester.ConnectionStringSetExplicitly" executed="True" success="True" time="0.000" asserts="2" />
                          <test-case name="FluentNHibernate.Testing.Cfg.Db.PostgreSQLConfigurationTester.ConnectionStringSetFromAppSetting" executed="True" success="True" time="0.000" asserts="2" />
                          <test-case name="FluentNHibernate.Testing.Cfg.Db.PostgreSQLConfigurationTester.ConnectionStringSetFromConnectionStrings" executed="True" success="True" time="0.000" asserts="2" />
                          <test-case name="FluentNHibernate.Testing.Cfg.Db.PostgreSQLConfigurationTester.PostgreSQL_81_should_set_the_correct_dialect" executed="True" success="True" time="0.000" asserts="1" />
                          <test-case name="FluentNHibernate.Testing.Cfg.Db.PostgreSQLConfigurationTester.PostgreSQL_82_should_set_the_correct_dialect" executed="True" success="True" time="0.000" asserts="1" />
                          <test-case name="FluentNHibernate.Testing.Cfg.Db.PostgreSQLConfigurationTester.PostgreSQL_driver_should_default_to_the_Npgsql_driver" executed="True" success="True" time="0.000" asserts="1" />
                          <test-case name="FluentNHibernate.Testing.Cfg.Db.PostgreSQLConfigurationTester.PostgreSQL_standard_should_set_the_correct_dialect" executed="True" success="True" time="0.000" asserts="1" />
                          <test-case name="FluentNHibernate.Testing.Cfg.Db.PostgreSQLConfigurationTester.ShouldBeAbleToSpecifyConnectionStringDirectly" executed="True" success="True" time="0.000" asserts="2" />
                        </results>
                      </test-suite>
                      <test-suite name="SQLiteConfigurationTester" executed="True" success="True" time="0.000" asserts="0">
                        <results>
                          <test-case name="FluentNHibernate.Testing.Cfg.Db.SQLiteConfigurationTester.in_memory_should_set_up_expected_connection_string" executed="True" success="True" time="0.000" asserts="1" />
                          <test-case name="FluentNHibernate.Testing.Cfg.Db.SQLiteConfigurationTester.should_set_up_default_query_substitutions" executed="True" success="True" time="0.000" asserts="1" />
                          <test-case name="FluentNHibernate.Testing.Cfg.Db.SQLiteConfigurationTester.using_file_should_set_up_expected_connection_string" executed="True" success="True" time="0.000" asserts="1" />
                        </results>
                      </test-suite>
                    </results>
                  </test-suite>
                  <test-suite name="FluentConfigurationWriteMappingsTests" executed="True" success="True" time="1.891" asserts="0">
                    <results>
                      <test-case name="FluentNHibernate.Testing.Cfg.FluentConfigurationWriteMappingsTests.DoesNotThrowWhenExportToIsBeforeBuildConfigurationOnCachePartMapping" executed="True" success="True" time="0.344" asserts="0" />
                      <test-case name="FluentNHibernate.Testing.Cfg.FluentConfigurationWriteMappingsTests.WritesAutoMappingsOut" executed="True" success="True" time="0.875" asserts="1" />
                      <test-case name="FluentNHibernate.Testing.Cfg.FluentConfigurationWriteMappingsTests.WritesAutoMappingsOutMergedWhenFlagSet" executed="True" success="True" time="0.016" asserts="1" />
                      <test-case name="FluentNHibernate.Testing.Cfg.FluentConfigurationWriteMappingsTests.WritesBothOut" executed="True" success="True" time="0.344" asserts="2" />
                      <test-case name="FluentNHibernate.Testing.Cfg.FluentConfigurationWriteMappingsTests.WritesFluentMappingsOut" executed="True" success="True" time="0.234" asserts="1" />
                      <test-case name="FluentNHibernate.Testing.Cfg.FluentConfigurationWriteMappingsTests.WritesFluentMappingsOutMergedWhenFlagSet" executed="True" success="True" time="0.078" asserts="1" />
                    </results>
                  </test-suite>
                  <test-suite name="FluentlyTests" executed="True" success="True" time="0.016" asserts="0">
                    <results>
                      <test-case name="FluentNHibernate.Testing.Cfg.FluentlyTests.ConfigureCanAcceptExistingConfig" executed="True" success="True" time="0.000" asserts="1" />
                      <test-case name="FluentNHibernate.Testing.Cfg.FluentlyTests.ConfigureReturnsFluentConfiguration" executed="True" success="True" time="0.000" asserts="1" />
                      <test-case name="FluentNHibernate.Testing.Cfg.FluentlyTests.ConfigureReturnsNewInstance" executed="True" success="True" time="0.000" asserts="1" />
                    </results>
                  </test-suite>
                  <test-suite name="InvalidFluentConfigurationTests" executed="True" success="True" time="0.313" asserts="0">
                    <results>
                      <test-case name="FluentNHibernate.Testing.Cfg.InvalidFluentConfigurationTests.BuildSessionFactoryShouldThrowIfCalledBeforeAnythingSetup" executed="True" success="True" time="0.000" asserts="2" />
                      <test-case name="FluentNHibernate.Testing.Cfg.InvalidFluentConfigurationTests.ExceptionShouldContainDbIfDbNotSetup" executed="True" success="True" time="0.000" asserts="2" />
                      <test-case name="FluentNHibernate.Testing.Cfg.InvalidFluentConfigurationTests.ExceptionShouldContainMappingsIfMappingsNotSetup" executed="True" success="True" time="0.000" asserts="2" />
                      <test-case name="FluentNHibernate.Testing.Cfg.InvalidFluentConfigurationTests.ExceptionShouldntContainDbIfDbSetup" executed="True" success="True" time="0.000" asserts="2" />
                      <test-case name="FluentNHibernate.Testing.Cfg.InvalidFluentConfigurationTests.ExceptionShouldntContainMappingsIfMappingsSetup" executed="True" success="True" time="0.172" asserts="2" />
                      <test-case name="FluentNHibernate.Testing.Cfg.InvalidFluentConfigurationTests.InnerExceptionSet" executed="True" success="True" time="0.141" asserts="2" />
                    </results>
                  </test-suite>
                  <test-suite name="MappingConfigurationTests" executed="True" success="True" time="0.781" asserts="0">
                    <results>
                      <test-case name="FluentNHibernate.Testing.Cfg.MappingConfigurationTests.AddAutoMappingAddsAnyAutoMappedMappingsToCfg" executed="True" success="True" time="0.031" asserts="2" />
                      <test-case name="FluentNHibernate.Testing.Cfg.MappingConfigurationTests.AddAutoMappingAddsAnyAutoMappedMappingsToCfgWhenMerged" executed="True" success="True" time="0.016" asserts="2" />
                      <test-case name="FluentNHibernate.Testing.Cfg.MappingConfigurationTests.AddFromAssemblyAddsAnyClassMapMappingsToCfg" executed="True" success="True" time="0.156" asserts="2" />
                      <test-case name="FluentNHibernate.Testing.Cfg.MappingConfigurationTests.AddFromAssemblyAddsAnyClassMapMappingsToCfgWhenMerged" executed="True" success="True" time="0.063" asserts="2" />
                      <test-case name="FluentNHibernate.Testing.Cfg.MappingConfigurationTests.AddFromAssemblyOfAddsAnyClassMapMappingsToCfg" executed="True" success="True" time="0.141" asserts="2" />
                      <test-case name="FluentNHibernate.Testing.Cfg.MappingConfigurationTests.AddHbmMappingsAddsClasses" executed="True" success="True" time="0.031" asserts="3" />
                      <test-case name="FluentNHibernate.Testing.Cfg.MappingConfigurationTests.AddHbmMappingsFromAssemblyAddsClasses" executed="True" success="True" time="0.031" asserts="3" />
                      <test-case name="FluentNHibernate.Testing.Cfg.MappingConfigurationTests.AddHbmMappingsFromAssemblyOfAddsClasses" executed="True" success="True" time="0.016" asserts="3" />
                      <test-case name="FluentNHibernate.Testing.Cfg.MappingConfigurationTests.AlteringConventionsShouldAffectProducedClasses" executed="True" success="True" time="0.141" asserts="1" />
                      <test-case name="FluentNHibernate.Testing.Cfg.MappingConfigurationTests.CanAddMultipleConventions" executed="True" success="True" time="0.141" asserts="1" />
                      <test-case name="FluentNHibernate.Testing.Cfg.MappingConfigurationTests.MergeOutputShouldSetFlagOnAutoPersistenceModels" executed="True" success="True" time="0.000" asserts="1" />
                      <test-case name="FluentNHibernate.Testing.Cfg.MappingConfigurationTests.MergeOutputShouldSetFlagOnFluentPersistenceModelsOnApply" executed="True" success="True" time="0.000" asserts="1" />
                      <test-case name="FluentNHibernate.Testing.Cfg.MappingConfigurationTests.WasUsedIsFalseWhenNothingCalled" executed="True" success="True" time="0.000" asserts="1" />
                      <test-case name="FluentNHibernate.Testing.Cfg.MappingConfigurationTests.WasUsedIsTrueWhenAddAutoMappingsCalled" executed="True" success="True" time="0.000" asserts="1" />
                      <test-case name="FluentNHibernate.Testing.Cfg.MappingConfigurationTests.WasUsedIsTrueWhenAddFromAssemblyCalled" executed="True" success="True" time="0.000" asserts="1" />
                      <test-case name="FluentNHibernate.Testing.Cfg.MappingConfigurationTests.WasUsedIsTrueWhenAddFromAssemblyOfCalled" executed="True" success="True" time="0.000" asserts="1" />
                      <test-case name="FluentNHibernate.Testing.Cfg.MappingConfigurationTests.WasUsedIsTrueWhenAddHbmMappingsCalled" executed="True" success="True" time="0.000" asserts="1" />
                      <test-case name="FluentNHibernate.Testing.Cfg.MappingConfigurationTests.WasUsedIsTrueWhenAddHbmMappingsFromAssemblyCalled" executed="True" success="True" time="0.000" asserts="1" />
                      <test-case name="FluentNHibernate.Testing.Cfg.MappingConfigurationTests.WasUsedIsTrueWhenAddHbmMappingsFromAssemblyOfCalled" executed="True" success="True" time="0.000" asserts="1" />
                    </results>
                  </test-suite>
                  <test-suite name="MySQLConfigurationTester" executed="True" success="True" time="0.000" asserts="0">
                    <results>
                      <test-case name="FluentNHibernate.Testing.Cfg.MySQLConfigurationTester.ConnectionString_is_added_to_the_configuration" executed="True" success="True" time="0.000" asserts="1" />
                      <test-case name="FluentNHibernate.Testing.Cfg.MySQLConfigurationTester.ConnectionStringSetExplicitly" executed="True" success="True" time="0.000" asserts="2" />
                      <test-case name="FluentNHibernate.Testing.Cfg.MySQLConfigurationTester.ConnectionStringSetFromAppSetting" executed="True" success="True" time="0.000" asserts="2" />
                      <test-case name="FluentNHibernate.Testing.Cfg.MySQLConfigurationTester.ConnectionStringSetFromConnectionStrings" executed="True" success="True" time="0.000" asserts="2" />
                      <test-case name="FluentNHibernate.Testing.Cfg.MySQLConfigurationTester.MySQL_driver_should_default_to_the_MySQL_ClientDriver" executed="True" success="True" time="0.000" asserts="1" />
                      <test-case name="FluentNHibernate.Testing.Cfg.MySQLConfigurationTester.MySQL_should_default_to_the_MySQL_dialect" executed="True" success="True" time="0.000" asserts="1" />
                      <test-case name="FluentNHibernate.Testing.Cfg.MySQLConfigurationTester.ShouldBeAbleToSpecifyConnectionStringDirectly" executed="True" success="True" time="0.000" asserts="2" />
                    </results>
                  </test-suite>
                  <test-suite name="ValidFluentConfigurationTests" executed="True" success="True" time="0.484" asserts="0">
                    <results>
                      <test-case name="FluentNHibernate.Testing.Cfg.ValidFluentConfigurationTests.DatabaseSetsPropertiesOnCfg" executed="True" success="True" time="0.000" asserts="0" />
                      <test-case name="FluentNHibernate.Testing.Cfg.ValidFluentConfigurationTests.ExposeConfigurationCanBeCalledMultipleTimesWithDifferentBodies" executed="True" success="True" time="0.000" asserts="2" />
                      <test-case name="FluentNHibernate.Testing.Cfg.ValidFluentConfigurationTests.ExposeConfigurationGetsConfigAfterMappingsHaveBeenApplied" executed="True" success="True" time="0.000" asserts="0" />
                      <test-case name="FluentNHibernate.Testing.Cfg.ValidFluentConfigurationTests.ExposeConfigurationHasSameCfgInstanceAsPassedInThroughConstructor" executed="True" success="True" time="0.000" asserts="0" />
                      <test-case name="FluentNHibernate.Testing.Cfg.ValidFluentConfigurationTests.ExposeConfigurationPassesCfgInstanceIntoAction" executed="True" success="True" time="0.000" asserts="0" />
                      <test-case name="FluentNHibernate.Testing.Cfg.ValidFluentConfigurationTests.MappingsCanBeMixedAndDontConflict" executed="True" success="True" time="0.172" asserts="1" />
                      <test-case name="FluentNHibernate.Testing.Cfg.ValidFluentConfigurationTests.MappingsShouldPassInstanceOfMappingConfigurationToAction" executed="True" success="True" time="0.000" asserts="2" />
                      <test-case name="FluentNHibernate.Testing.Cfg.ValidFluentConfigurationTests.ShouldGetAConfigurationIfEverythingIsOK" executed="True" success="True" time="0.141" asserts="1" />
                      <test-case name="FluentNHibernate.Testing.Cfg.ValidFluentConfigurationTests.ShouldGetASessionFactoryIfEverythingIsOK" executed="True" success="True" time="0.156" asserts="1" />
                      <test-case name="FluentNHibernate.Testing.Cfg.ValidFluentConfigurationTests.ShouldSetCurrentSessionContext" executed="True" success="True" time="0.000" asserts="1" />
                      <test-case name="FluentNHibernate.Testing.Cfg.ValidFluentConfigurationTests.ShouldSetCurrentSessionContextUsingGeneric" executed="True" success="True" time="0.000" asserts="1" />
                    </results>
                  </test-suite>
                </results>
              </test-suite>
              <test-suite name="ConventionFinderTests" executed="True" success="True" time="0.031" asserts="0">
                <results>
                  <test-suite name="AddingTypeTests" executed="True" success="True" time="0.016" asserts="0">
                    <results>
                      <test-case name="FluentNHibernate.Testing.ConventionFinderTests.AddingTypeTests.AddingAssemblyShouldntThrowIfNoIConventionFinderConstructor" executed="True" success="True" time="0.016" asserts="1" />
                      <test-case name="FluentNHibernate.Testing.ConventionFinderTests.AddingTypeTests.AddingSingleShouldntThrowIfHasIConventionFinderConstructor" executed="True" success="True" time="0.000" asserts="1" />
                      <test-case name="FluentNHibernate.Testing.ConventionFinderTests.AddingTypeTests.AddingSingleShouldntThrowIfHasParameterlessConstructor" executed="True" success="True" time="0.000" asserts="1" />
                      <test-case name="FluentNHibernate.Testing.ConventionFinderTests.AddingTypeTests.AddingSingleShouldThrowIfNoIConventionFinderConstructor" executed="True" success="True" time="0.000" asserts="2" />
                      <test-case name="FluentNHibernate.Testing.ConventionFinderTests.AddingTypeTests.AddingSingleShouldThrowIfNoParameterlessConstructor" executed="True" success="True" time="0.000" asserts="2" />
                    </results>
                  </test-suite>
                  <test-suite name="FindTests" executed="True" success="True" time="0.016" asserts="0">
                    <results>
                      <test-case name="FluentNHibernate.Testing.ConventionFinderTests.FindTests.ShouldAllowAddingInstanceMultipleTimesIfHasMultipleAttribute" executed="True" success="True" time="0.016" asserts="1" />
                      <test-case name="FluentNHibernate.Testing.ConventionFinderTests.FindTests.ShouldFindNothingWhenNoAssembliesGiven" executed="True" success="True" time="0.000" asserts="1" />
                      <test-case name="FluentNHibernate.Testing.ConventionFinderTests.FindTests.ShouldFindTypesFromAssembly" executed="True" success="True" time="0.000" asserts="1" />
                      <test-case name="FluentNHibernate.Testing.ConventionFinderTests.FindTests.ShouldFindTypesThatHaveConstructorNeedingFinder" executed="True" success="True" time="0.000" asserts="1" />
                      <test-case name="FluentNHibernate.Testing.ConventionFinderTests.FindTests.ShouldntFindGenericTypes" executed="True" success="True" time="0.000" asserts="5" />
                      <test-case name="FluentNHibernate.Testing.ConventionFinderTests.FindTests.ShouldOnlyAddInstanceOnce" executed="True" success="True" time="0.000" asserts="1" />
                      <test-case name="FluentNHibernate.Testing.ConventionFinderTests.FindTests.ShouldOnlyAddInstanceOnceIfHasMultipleInterfaces" executed="True" success="True" time="0.000" asserts="3" />
                      <test-case name="FluentNHibernate.Testing.ConventionFinderTests.FindTests.ShouldOnlyAddInstanceOnceIfHasMultipleInterfacesWhenAddedByAssembly" executed="True" success="True" time="0.000" asserts="3" />
                      <test-case name="FluentNHibernate.Testing.ConventionFinderTests.FindTests.ShouldOnlyFindExplicitAdded" executed="True" success="True" time="0.000" asserts="2" />
                    </results>
                  </test-suite>
                </results>
              </test-suite>
              <test-suite name="ConventionsTests" executed="True" success="True" time="3.406" asserts="0">
                <results>
                  <test-suite name="AcceptanceCriteria" executed="True" success="True" time="0.188" asserts="0">
                    <results>
                      <test-suite name="PropertyAcceptanceCriteriaAnyTests" executed="True" success="True" time="0.031" asserts="0">
                        <results>
                          <test-case name="FluentNHibernate.Testing.ConventionsTests.AcceptanceCriteria.PropertyAcceptanceCriteriaAnyTests.AnyShouldValidateToFalseIfNoneMatch" executed="True" success="True" time="0.031" asserts="1" />
                          <test-case name="FluentNHibernate.Testing.ConventionsTests.AcceptanceCriteria.PropertyAcceptanceCriteriaAnyTests.AnyShouldValidateToTrueIfAllMatch" executed="True" success="True" time="0.000" asserts="1" />
                          <test-case name="FluentNHibernate.Testing.ConventionsTests.AcceptanceCriteria.PropertyAcceptanceCriteriaAnyTests.AnyShouldValidateToTrueIfOneMatches" executed="True" success="True" time="0.000" asserts="1" />
                          <test-case name="FluentNHibernate.Testing.ConventionsTests.AcceptanceCriteria.PropertyAcceptanceCriteriaAnyTests.CanPassSubCriteriaToAny" executed="True" success="True" time="0.000" asserts="1" />
                          <test-case name="FluentNHibernate.Testing.ConventionsTests.AcceptanceCriteria.PropertyAcceptanceCriteriaAnyTests.CanPassSubCriteriaToEither" executed="True" success="True" time="0.000" asserts="1" />
                          <test-case name="FluentNHibernate.Testing.ConventionsTests.AcceptanceCriteria.PropertyAcceptanceCriteriaAnyTests.EitherIsAnyWithTwoParameters" executed="True" success="True" time="0.000" asserts="1" />
                        </results>
                      </test-suite>
                      <test-suite name="PropertyAcceptanceCriteriaCollectionTests" executed="True" success="True" time="0.031" asserts="0">
                        <results>
                          <test-case name="FluentNHibernate.Testing.ConventionsTests.AcceptanceCriteria.PropertyAcceptanceCriteriaCollectionTests.CollectionContainsWithLambdaShouldBeFalseWhenNoItemsMatching" executed="True" success="True" time="0.016" asserts="1" />
                          <test-case name="FluentNHibernate.Testing.ConventionsTests.AcceptanceCriteria.PropertyAcceptanceCriteriaCollectionTests.CollectionContainsWithLambdaShouldBeTrueWhenItemsMatching" executed="True" success="True" time="0.000" asserts="1" />
                          <test-case name="FluentNHibernate.Testing.ConventionsTests.AcceptanceCriteria.PropertyAcceptanceCriteriaCollectionTests.CollectionContainsWithStringShouldBeFalseWhenNoItemsMatching" executed="True" success="True" time="0.016" asserts="1" />
                          <test-case name="FluentNHibernate.Testing.ConventionsTests.AcceptanceCriteria.PropertyAcceptanceCriteriaCollectionTests.CollectionContainsWithStringShouldBeTrueWhenItemsMatching" executed="True" success="True" time="0.000" asserts="1" />
                          <test-case name="FluentNHibernate.Testing.ConventionsTests.AcceptanceCriteria.PropertyAcceptanceCriteriaCollectionTests.CollectionIsEmptyShouldBeFalseWithItemsWhenUsingExpression" executed="True" success="True" time="0.000" asserts="1" />
                          <test-case name="FluentNHibernate.Testing.ConventionsTests.AcceptanceCriteria.PropertyAcceptanceCriteriaCollectionTests.CollectionIsEmptyShouldBeTrueWhenUsingExpression" executed="True" success="True" time="0.000" asserts="1" />
[...]
                            <reason>
                              <message><![CDATA[]]></message>
                            </reason>
                          </test-case>
                          <test-case name="FluentNHibernate.Testing.MappingModel.Output.XmlSubclassWriterTester.ShouldWriteBag" executed="True" success="True" time="0.000" asserts="1" />
                          <test-case name="FluentNHibernate.Testing.MappingModel.Output.XmlSubclassWriterTester.ShouldWriteComponents" executed="True" success="True" time="0.000" asserts="1" />
                          <test-case name="FluentNHibernate.Testing.MappingModel.Output.XmlSubclassWriterTester.ShouldWriteDiscriminatorValueAttribute" executed="True" success="True" time="0.000" asserts="1" />
                          <test-case name="FluentNHibernate.Testing.MappingModel.Output.XmlSubclassWriterTester.ShouldWriteDynamicComponents" executed="True" success="True" time="0.016" asserts="1" />
                          <test-case name="FluentNHibernate.Testing.MappingModel.Output.XmlSubclassWriterTester.ShouldWriteDynamicInsertAttribute" executed="True" success="True" time="0.000" asserts="1" />
                          <test-case name="FluentNHibernate.Testing.MappingModel.Output.XmlSubclassWriterTester.ShouldWriteDynamicUpdateAttribute" executed="True" success="True" time="0.000" asserts="1" />
                          <test-case name="FluentNHibernate.Testing.MappingModel.Output.XmlSubclassWriterTester.ShouldWriteExtendsAttribute" executed="True" success="True" time="0.000" asserts="1" />
                          <test-case name="FluentNHibernate.Testing.MappingModel.Output.XmlSubclassWriterTester.ShouldWriteJoin" executed="True" success="True" time="0.000" asserts="1" />
                          <test-case name="FluentNHibernate.Testing.MappingModel.Output.XmlSubclassWriterTester.ShouldWriteLazyAttribute" executed="True" success="True" time="0.000" asserts="1" />
                          <test-case name="FluentNHibernate.Testing.MappingModel.Output.XmlSubclassWriterTester.ShouldWriteList" executed="True" success="True" time="0.000" asserts="1" />
                          <test-case name="FluentNHibernate.Testing.MappingModel.Output.XmlSubclassWriterTester.ShouldWriteManyToOnes" executed="True" success="True" time="0.000" asserts="1" />
                          <test-case name="FluentNHibernate.Testing.MappingModel.Output.XmlSubclassWriterTester.ShouldWriteMap" executed="True" success="True" time="0.000" asserts="1" />
                          <test-case name="FluentNHibernate.Testing.MappingModel.Output.XmlSubclassWriterTester.ShouldWriteNameAttribute" executed="True" success="True" time="0.000" asserts="1" />
                          <test-case name="FluentNHibernate.Testing.MappingModel.Output.XmlSubclassWriterTester.ShouldWriteOneToOnes" executed="True" success="True" time="0.000" asserts="1" />
                          <test-case name="FluentNHibernate.Testing.MappingModel.Output.XmlSubclassWriterTester.ShouldWritePrimitiveArray" executed="False">
                            <reason>
                              <message><![CDATA[]]></message>
                            </reason>
                          </test-case>
                          <test-case name="FluentNHibernate.Testing.MappingModel.Output.XmlSubclassWriterTester.ShouldWriteProperties" executed="True" success="True" time="0.000" asserts="1" />
                          <test-case name="FluentNHibernate.Testing.MappingModel.Output.XmlSubclassWriterTester.ShouldWriteProxyAttribute" executed="True" success="True" time="0.000" asserts="1" />
                          <test-case name="FluentNHibernate.Testing.MappingModel.Output.XmlSubclassWriterTester.ShouldWriteSelectBeforeUpdateAttribute" executed="True" success="True" time="0.000" asserts="1" />
                          <test-case name="FluentNHibernate.Testing.MappingModel.Output.XmlSubclassWriterTester.ShouldWriteSet" executed="True" success="True" time="0.000" asserts="1" />
                          <test-case name="FluentNHibernate.Testing.MappingModel.Output.XmlSubclassWriterTester.ShouldWriteSubclass" executed="True" success="True" time="0.000" asserts="1" />
                        </results>
                      </test-suite>
                      <test-suite name="XmlVersionWriterTester" executed="True" success="True" time="0.016" asserts="0">
                        <results>
                          <test-case name="FluentNHibernate.Testing.MappingModel.Output.XmlVersionWriterTester.ShouldWriteAccessAttribute" executed="True" success="True" time="0.000" asserts="1" />
                          <test-case name="FluentNHibernate.Testing.MappingModel.Output.XmlVersionWriterTester.ShouldWriteColumns" executed="True" success="True" time="0.000" asserts="1" />
                          <test-case name="FluentNHibernate.Testing.MappingModel.Output.XmlVersionWriterTester.ShouldWriteGeneratedAttribute" executed="True" success="True" time="0.000" asserts="1" />
                          <test-case name="FluentNHibernate.Testing.MappingModel.Output.XmlVersionWriterTester.ShouldWriteNameAttribute" executed="True" success="True" time="0.016" asserts="1" />
                          <test-case name="FluentNHibernate.Testing.MappingModel.Output.XmlVersionWriterTester.ShouldWriteTypeAttribute" executed="True" success="True" time="0.000" asserts="1" />
                          <test-case name="FluentNHibernate.Testing.MappingModel.Output.XmlVersionWriterTester.ShouldWriteUnsavedValueAttribute" executed="True" success="True" time="0.000" asserts="1" />
                        </results>
                      </test-suite>
                      <test-suite name="XmlWriterContainerTester" executed="True" success="True" time="0.016" asserts="0">
                        <results>
                          <test-case name="FluentNHibernate.Testing.MappingModel.Output.XmlWriterContainerTester.ShouldResolveAllWriters" executed="True" success="True" time="0.016" asserts="0" />
                        </results>
                      </test-suite>
                    </results>
                  </test-suite>
                </results>
              </test-suite>
              <test-suite name="PersistenceModelTests" executed="True" success="True" time="0.094" asserts="0">
                <results>
                  <test-suite name="JoinPersistenceModelTests" executed="True" success="True" time="0.047" asserts="0">
                    <results>
                      <test-case name="FluentNHibernate.Testing.PersistenceModelTests.JoinPersistenceModelTests.ShouldntDuplicateJoinMapping" executed="True" success="True" time="0.047" asserts="1" />
                    </results>
                  </test-suite>
                  <test-suite name="SubclassPersistenceModelTests" executed="True" success="True" time="0.047" asserts="0">
                    <results>
                      <test-case name="FluentNHibernate.Testing.PersistenceModelTests.SubclassPersistenceModelTests.AddByTypeShouldSupportSubclasses" executed="True" success="True" time="0.000" asserts="1" />
                      <test-case name="FluentNHibernate.Testing.PersistenceModelTests.SubclassPersistenceModelTests.ShouldAddAsJoinedSubclassIfDiscriminatorDoesntExist" executed="True" success="True" time="0.016" asserts="1" />
                      <test-case name="FluentNHibernate.Testing.PersistenceModelTests.SubclassPersistenceModelTests.ShouldAddAsSubclassIfDiscriminatorExists" executed="True" success="True" time="0.000" asserts="1" />
                      <test-case name="FluentNHibernate.Testing.PersistenceModelTests.SubclassPersistenceModelTests.ShouldHandleBranchingHierarchies" executed="True" success="True" time="0.000" asserts="7" />
                      <test-case name="FluentNHibernate.Testing.PersistenceModelTests.SubclassPersistenceModelTests.ShouldHandleEverettsWeirdMapping" executed="True" success="True" time="0.000" asserts="4" />
                      <test-case name="FluentNHibernate.Testing.PersistenceModelTests.SubclassPersistenceModelTests.ShouldHandleInterfacesAsParents" executed="True" success="True" time="0.000" asserts="3" />
                      <test-case name="FluentNHibernate.Testing.PersistenceModelTests.SubclassPersistenceModelTests.ShouldPairSubclassOfSubclassWithParent" executed="True" success="True" time="0.016" asserts="4" />
                      <test-case name="FluentNHibernate.Testing.PersistenceModelTests.SubclassPersistenceModelTests.ShouldPairSubclassOfSubclassWithParentWhenHasDiscriminator" executed="True" success="True" time="0.000" asserts="4" />
                      <test-case name="FluentNHibernate.Testing.PersistenceModelTests.SubclassPersistenceModelTests.ShouldPairSubclassWithClassMapOfSuperclass" executed="True" success="True" time="0.000" asserts="2" />
                      <test-case name="FluentNHibernate.Testing.PersistenceModelTests.SubclassPersistenceModelTests.ShouldPickUpSubclassMapsWhenAddingFromAssembly" executed="True" success="True" time="0.016" asserts="1" />
                      <test-case name="FluentNHibernate.Testing.PersistenceModelTests.SubclassPersistenceModelTests.ShouldPickupSubclassMapsWithIntermediaryClasses" executed="True" success="True" time="0.000" asserts="1" />
                    </results>
                  </test-suite>
                </results>
              </test-suite>
              <test-suite name="Specification" executed="False">
                <reason>
                  <message><![CDATA[Specification does not have any tests]]></message>
                </reason>
              </test-suite>
              <test-suite name="Testing" executed="True" success="True" time="0.875" asserts="0">
                <results>
                  <test-suite name="PersistenceSpecificationConstructorTests" executed="True" success="True" time="0.313" asserts="0">
                    <results>
                      <test-case name="FluentNHibernate.Testing.Testing.PersistenceSpecificationConstructorTests.Should_accept_classes_with_private_parameterless_constructor" executed="True" success="True" time="0.297" asserts="0" />
                      <test-case name="FluentNHibernate.Testing.Testing.PersistenceSpecificationConstructorTests.Should_accept_classes_with_protected_parameterless_constructor" executed="True" success="True" time="0.000" asserts="0" />
                      <test-case name="FluentNHibernate.Testing.Testing.PersistenceSpecificationConstructorTests.Should_accept_classes_with_public_parameterless_constructor" executed="True" success="True" time="0.000" asserts="0" />
                      <test-case name="FluentNHibernate.Testing.Testing.PersistenceSpecificationConstructorTests.Should_reject_classes_without_a_parameterless_constructor" executed="True" success="True" time="0.000" asserts="1" />
                    </results>
                  </test-suite>
                  <test-suite name="PersistenceSpecificationTester" executed="True" success="True" time="0.031" asserts="0">
                    <results>
                      <test-case name="FluentNHibernate.Testing.Testing.PersistenceSpecificationTester.Comparing_objects_in_two_lists_should_use_the_specified_IEqualityComparer" executed="True" success="True" time="0.016" asserts="0" />
                      <test-case name="FluentNHibernate.Testing.Testing.PersistenceSpecificationTester.Comparing_two_properties_should_use_the_specified_IEqualityComparer" executed="True" success="True" time="0.016" asserts="0" />
                      <test-case name="FluentNHibernate.Testing.Testing.PersistenceSpecificationTester.should_not_be_equal_without_the_equality_comparer" executed="True" success="True" time="0.000" asserts="1" />
                    </results>
                  </test-suite>
                  <test-suite name="PersistenceSpecificationTransactionTest" executed="True" success="True" time="0.016" asserts="0">
                    <results>
                      <test-case name="FluentNHibernate.Testing.Testing.PersistenceSpecificationTransactionTest.Passed_Transaction_Should_Apply_For_Reference_Saving" executed="True" success="True" time="0.016" asserts="0" />
                      <test-case name="FluentNHibernate.Testing.Testing.PersistenceSpecificationTransactionTest.Should_Not_Open_A_New_Transaction_If_One_Is_Passed" executed="True" success="True" time="0.000" asserts="0" />
                      <test-case name="FluentNHibernate.Testing.Testing.PersistenceSpecificationTransactionTest.Should_Open_A_New_Transaction_If_None_Is_Passed" executed="True" success="True" time="0.000" asserts="0" />
                    </results>
                  </test-suite>
                  <test-suite name="when_building_a_session_source" executed="True" success="True" time="0.344" asserts="0">
                    <results>
                      <test-case name="FluentNHibernate.Testing.Testing.when_building_a_session_source.should_be_able_to_generate_the_schema" executed="True" success="True" time="0.172" asserts="0" />
                      <test-case name="FluentNHibernate.Testing.Testing.when_building_a_session_source.should_be_able_to_get_a_new_session" executed="True" success="True" time="0.172" asserts="0" />
                    </results>
                  </test-suite>
                  <test-suite name="when_using_a_session_source_and_schema" executed="True" success="True" time="0.172" asserts="0">
                    <results>
                      <test-case name="FluentNHibernate.Testing.Testing.when_using_a_session_source_and_schema.should_be_able_to_use_the_fluent_mappings" executed="True" success="True" time="0.172" asserts="0" />
                    </results>
                  </test-suite>
                  <test-suite name="with_fluent_configuration" executed="False">
                    <reason>
                      <message><![CDATA[with_fluent_configuration does not have any tests]]></message>
                    </reason>
                  </test-suite>
                </results>
              </test-suite>
              <test-suite name="Utils" executed="True" success="True" time="0.047" asserts="0">
                <results>
                  <test-suite name="ReflectionHelperTests" executed="True" success="True" time="0.016" asserts="0">
                    <results>
                      <test-case name="FluentNHibernate.Testing.Utils.ReflectionHelperTests.CanGetDynamicProperty" executed="True" success="True" time="0.000" asserts="3" />
                      <test-case name="FluentNHibernate.Testing.Utils.ReflectionHelperTests.CanGetDynamicPropertyWithConvert" executed="True" success="True" time="0.000" asserts="3" />
                      <test-case name="FluentNHibernate.Testing.Utils.ReflectionHelperTests.CanGetDynamicPropertyWithType" executed="True" success="True" time="0.000" asserts="3" />
                      <test-case name="FluentNHibernate.Testing.Utils.ReflectionHelperTests.CanGetDynamicPropertyWithTypeAndConvert" executed="True" success="True" time="0.000" asserts="3" />
                      <test-case name="FluentNHibernate.Testing.Utils.ReflectionHelperTests.CanGetProperty" executed="True" success="True" time="0.000" asserts="1" />
                      <test-case name="FluentNHibernate.Testing.Utils.ReflectionHelperTests.CanGetPropertyWithConvert" executed="True" success="True" time="0.000" asserts="1" />
                      <test-case name="FluentNHibernate.Testing.Utils.ReflectionHelperTests.CanGetPropertyWithType" executed="True" success="True" time="0.000" asserts="1" />
                      <test-case name="FluentNHibernate.Testing.Utils.ReflectionHelperTests.CanGetPropertyWithTypeAndConvert" executed="True" success="True" time="0.000" asserts="1" />
                    </results>
                  </test-suite>
                  <test-suite name="TypeReferenceEqualityTests" executed="True" success="True" time="0.016" asserts="0">
                    <results>
                      <test-case name="FluentNHibernate.Testing.Utils.TypeReferenceEqualityTests.EqualsReferenceOnLeftDifferentTypeOnRightShouldNotBeEqual" executed="True" success="True" time="0.000" asserts="1" />
                      <test-case name="FluentNHibernate.Testing.Utils.TypeReferenceEqualityTests.EqualsReferenceOnLeftSameTypeOnRightShouldBeEqual" executed="True" success="True" time="0.000" asserts="1" />
                      <test-case name="FluentNHibernate.Testing.Utils.TypeReferenceEqualityTests.EqualsTwoStringReferencesOfDifferentNamesShouldNotBeEqual" executed="True" success="True" time="0.000" asserts="1" />
                      <test-case name="FluentNHibernate.Testing.Utils.TypeReferenceEqualityTests.EqualsTwoStringReferencesOfSameNameShouldBeEqual" executed="True" success="True" time="0.000" asserts="1" />
                      <test-case name="FluentNHibernate.Testing.Utils.TypeReferenceEqualityTests.EqualsTwoTypeReferencesOfDifferentTypesShouldNotBeEqual" executed="True" success="True" time="0.000" asserts="1" />
                      <test-case name="FluentNHibernate.Testing.Utils.TypeReferenceEqualityTests.EqualsTwoTypeReferencesOfSameTypeShouldBeEqual" executed="True" success="True" time="0.000" asserts="1" />
                      <test-case name="FluentNHibernate.Testing.Utils.TypeReferenceEqualityTests.EqualsTypeOnLeftReferenceBasedOnDifferentTypeOnRightShouldNotBeEqual" executed="True" success="True" time="0.000" asserts="1" />
                      <test-case name="FluentNHibernate.Testing.Utils.TypeReferenceEqualityTests.EqualsTypeOnLeftReferenceBasedOnSameTypeOnRightShouldBeEqual" executed="False">
                        <reason>
                          <message><![CDATA[]]></message>
                        </reason>
                      </test-case>
                      <test-case name="FluentNHibernate.Testing.Utils.TypeReferenceEqualityTests.ReferenceOnLeftDifferentTypeOnRightShouldNotBeEqual" executed="True" success="True" time="0.000" asserts="1" />
                      <test-case name="FluentNHibernate.Testing.Utils.TypeReferenceEqualityTests.ReferenceOnLeftSameTypeOnRightShouldBeEqual" executed="True" success="True" time="0.000" asserts="1" />
                      <test-case name="FluentNHibernate.Testing.Utils.TypeReferenceEqualityTests.TwoStringReferencesOfDifferentNamesShouldNotBeEqual" executed="True" success="True" time="0.000" asserts="1" />
                      <test-case name="FluentNHibernate.Testing.Utils.TypeReferenceEqualityTests.TwoStringReferencesOfSameNameShouldBeEqual" executed="True" success="True" time="0.000" asserts="1" />
                      <test-case name="FluentNHibernate.Testing.Utils.TypeReferenceEqualityTests.TwoTypeReferencesOfDifferentTypesShouldNotBeEqual" executed="True" success="True" time="0.016" asserts="1" />
                      <test-case name="FluentNHibernate.Testing.Utils.TypeReferenceEqualityTests.TwoTypeReferencesOfSameTypeShouldBeEqual" executed="True" success="True" time="0.000" asserts="1" />
                      <test-case name="FluentNHibernate.Testing.Utils.TypeReferenceEqualityTests.TypeOnLeftReferenceBasedOnDifferentTypeOnRightShouldNotBeEqual" executed="True" success="True" time="0.000" asserts="1" />
                      <test-case name="FluentNHibernate.Testing.Utils.TypeReferenceEqualityTests.TypeOnLeftReferenceBasedOnSameTypeOnRightShouldBeEqual" executed="True" success="True" time="0.000" asserts="1" />
                    </results>
                  </test-suite>
                </results>
              </test-suite>
            </results>
          </test-suite>
        </results>
      </test-suite>
    </results>
  </test-suite>
</test-results>